ompilation warnings/errors on slither_analysis_kp/flattened.sol:
Error: Identifier already declared.
    --> slither_analysis_kp/flattened.sol:2698:1:
     |
2698 | interface IKPGuardian {
     | ^ (Relevant source part starts here and spans across multiple lines).
Note: The previous declaration is here:
    --> slither_analysis_kp/flattened.sol:1322:1:
     |
1322 | interface IKPGuardian {
     | ^ (Relevant source part starts here and spans across multiple lines).

Error: Identifier already declared.
    --> slither_analysis_kp/flattened.sol:2933:1:
     |
2933 | interface IERC165 {
     | ^ (Relevant source part starts here and spans across multiple lines).
Note: The previous declaration is here:
   --> slither_analysis_kp/flattened.sol:113:1:
    |
113 | interface IERC165 {
    | ^ (Relevant source part starts here and spans across multiple lines).

Error: Identifier already declared.
    --> slither_analysis_kp/flattened.sol:3138:1:
     |
3138 | library Address {
     | ^ (Relevant source part starts here and spans across multiple lines).
Note: The previous declaration is here:
    --> slither_analysis_kp/flattened.sol:1560:1:
     |
1560 | library Address {
     | ^ (Relevant source part starts here and spans across multiple lines).

Error: Identifier already declared.
    --> slither_analysis_kp/flattened.sol:3337:1:
     |
3337 | abstract contract Context {
     | ^ (Relevant source part starts here and spans across multiple lines).
Note: The previous declaration is here:
  --> slither_analysis_kp/flattened.sol:19:1:
   |
19 | abstract contract Context {
   | ^ (Relevant source part starts here and spans across multiple lines).

Error: Identifier already declared.
    --> slither_analysis_kp/flattened.sol:3368:1:
     |
3368 | abstract contract ERC165 is IERC165 {
     | ^ (Relevant source part starts here and spans across multiple lines).
Note: The previous declaration is here:
   --> slither_analysis_kp/flattened.sol:145:1:
    |
145 | abstract contract ERC165 is IERC165 {
    | ^ (Relevant source part starts here and spans across multiple lines).

Error: Identifier already declared.
    --> slither_analysis_kp/flattened.sol:4348:1:
     |
4348 | interface IERC721 is IERC165 {
     | ^ (Relevant source part starts here and spans across multiple lines).
Note: The previous declaration is here:
    --> slither_analysis_kp/flattened.sol:1361:1:
     |
1361 | interface IERC721 is IERC165 {
     | ^ (Relevant source part starts here and spans across multiple lines).

Error: Identifier already declared.
    --> slither_analysis_kp/flattened.sol:4480:1:
     |
4480 | interface IERC721Receiver {
     | ^ (Relevant source part starts here and spans across multiple lines).
Note: The previous declaration is here:
    --> slither_analysis_kp/flattened.sol:1506:1:
     |
1506 | interface IERC721Receiver {
     | ^ (Relevant source part starts here and spans across multiple lines).

Error: Identifier already declared.
    --> slither_analysis_kp/flattened.sol:4503:1:
     |
4503 | interface IERC721Metadata is IERC721 {
     | ^ (Relevant source part starts here and spans across multiple lines).
Note: The previous declaration is here:
    --> slither_analysis_kp/flattened.sol:1534:1:
     |
1534 | interface IERC721Metadata is IERC721 {
     | ^ (Relevant source part starts here and spans across multiple lines).

Error: Identifier already declared.
    --> slither_analysis_kp/flattened.sol:4530:1:
     |
4530 | library Strings {
     | ^ (Relevant source part starts here and spans across multiple lines).
Note: The previous declaration is here:
  --> slither_analysis_kp/flattened.sol:38:1:
   |
38 | library Strings {
   | ^ (Relevant source part starts here and spans across multiple lines).

Error: Identifier already declared.
    --> slither_analysis_kp/flattened.sol:4608:1:
     |
4608 | contract ERC721 is Context, ERC165, IERC721, IERC721Metadata {
     | ^ (Relevant source part starts here and spans across multiple lines).
Note: The previous declaration is here:
    --> slither_analysis_kp/flattened.sol:1781:1:
     |
1781 | contract ERC721 is Context, ERC165, IERC721, IERC721Metadata {
     | ^ (Relevant source part starts here and spans across multiple lines).

Error: Identifier already declared.
    --> slither_analysis_kp/flattened.sol:5169:1:
     |
5169 | interface IFxMessageProcessor {
     | ^ (Relevant source part starts here and spans across multiple lines).
Note: The previous declaration is here:
    --> slither_analysis_kp/flattened.sol:2629:1:
     |
2629 | interface IFxMessageProcessor {
     | ^ (Relevant source part starts here and spans across multiple lines).

Error: Identifier already declared.
    --> slither_analysis_kp/flattened.sol:5204:1:
     |
5204 | interface IFxStateSender {
     | ^ (Relevant source part starts here and spans across multiple lines).
Note: The previous declaration is here:
    --> slither_analysis_kp/flattened.sol:1127:1:
     |
1127 | interface IFxStateSender {
     | ^ (Relevant source part starts here and spans across multiple lines).

Error: Undeclared identifier. Did you mean "setupMetaData"?
    --> slither_analysis_kp/flattened.sol:5144:9:
     |
5144 |         _setupMetaData(_name, _symbol);
     |         ^^^^^^^^^^^^^^


Traceback (most recent call last):
  File "/home/dias/.local/lib/python3.8/site-packages/crytic_compile/platform/solc.py", line 501, in _run_solc
    ret: Dict = json.loads(stdout)
  File "/usr/lib/python3.8/json/__init__.py", line 357, in loads
    return _default_decoder.decode(s)
  File "/usr/lib/python3.8/json/decoder.py", line 337, in decode
    obj, end = self.raw_decode(s, idx=_w(s, 0).end())
  File "/usr/lib/python3.8/json/decoder.py", line 355, in raw_decode
    raise JSONDecodeError("Expecting value", s, err.value) from None
json.decoder.JSONDecodeError: Expecting value: line 1 column 1 (char 0)

During handling of the above exception, another exception occurred:

Traceback (most recent call last):
  File "/home/dias/.local/lib/python3.8/site-packages/slither/__main__.py", line 741, in main_impl
    ) = process_all(filename, args, detector_classes, printer_classes)
  File "/home/dias/.local/lib/python3.8/site-packages/slither/__main__.py", line 72, in process_all
    compilations = compile_all(target, **vars(args))
  File "/home/dias/.local/lib/python3.8/site-packages/crytic_compile/crytic_compile.py", line 628, in compile_all
    compilations.append(CryticCompile(target, **kwargs))
  File "/home/dias/.local/lib/python3.8/site-packages/crytic_compile/crytic_compile.py", line 116, in __init__
    self._compile(**kwargs)
  File "/home/dias/.local/lib/python3.8/site-packages/crytic_compile/crytic_compile.py", line 539, in _compile
    self._platform.compile(self, **kwargs)
  File "/home/dias/.local/lib/python3.8/site-packages/crytic_compile/platform/solc.py", line 149, in compile
    targets_json = _get_targets_json(compilation_unit, self._target, **kwargs)
  File "/home/dias/.local/lib/python3.8/site-packages/crytic_compile/platform/solc.py", line 271, in _get_targets_json
    return _run_solc(
  File "/home/dias/.local/lib/python3.8/site-packages/crytic_compile/platform/solc.py", line 505, in _run_solc
    raise InvalidCompilation(f"Invalid solc compilation {stderr}")
crytic_compile.platform.exceptions.InvalidCompilation: Invalid solc compilation Error: Identifier already declared.
    --> slither_analysis_kp/flattened.sol:2698:1:
     |
2698 | interface IKPGuardian {
     | ^ (Relevant source part starts here and spans across multiple lines).
Note: The previous declaration is here:
    --> slither_analysis_kp/flattened.sol:1322:1:
     |
1322 | interface IKPGuardian {
     | ^ (Relevant source part starts here and spans across multiple lines).

Error: Identifier already declared.
    --> slither_analysis_kp/flattened.sol:2933:1:
     |
2933 | interface IERC165 {
     | ^ (Relevant source part starts here and spans across multiple lines).
Note: The previous declaration is here:
   --> slither_analysis_kp/flattened.sol:113:1:
    |
113 | interface IERC165 {
    | ^ (Relevant source part starts here and spans across multiple lines).

Error: Identifier already declared.
    --> slither_analysis_kp/flattened.sol:3138:1:
     |
3138 | library Address {
     | ^ (Relevant source part starts here and spans across multiple lines).
Note: The previous declaration is here:
    --> slither_analysis_kp/flattened.sol:1560:1:
     |
1560 | library Address {
     | ^ (Relevant source part starts here and spans across multiple lines).

Error: Identifier already declared.
    --> slither_analysis_kp/flattened.sol:3337:1:
     |
3337 | abstract contract Context {
     | ^ (Relevant source part starts here and spans across multiple lines).
Note: The previous declaration is here:
  --> slither_analysis_kp/flattened.sol:19:1:
   |
19 | abstract contract Context {
   | ^ (Relevant source part starts here and spans across multiple lines).

Error: Identifier already declared.
    --> slither_analysis_kp/flattened.sol:3368:1:
     |
3368 | abstract contract ERC165 is IERC165 {
     | ^ (Relevant source part starts here and spans across multiple lines).
Note: The previous declaration is here:
   --> slither_analysis_kp/flattened.sol:145:1:
    |
145 | abstract contract ERC165 is IERC165 {
    | ^ (Relevant source part starts here and spans across multiple lines).

Error: Identifier already declared.
    --> slither_analysis_kp/flattened.sol:4348:1:
     |
4348 | interface IERC721 is IERC165 {
     | ^ (Relevant source part starts here and spans across multiple lines).
Note: The previous declaration is here:
    --> slither_analysis_kp/flattened.sol:1361:1:
     |
1361 | interface IERC721 is IERC165 {
     | ^ (Relevant source part starts here and spans across multiple lines).

Error: Identifier already declared.
    --> slither_analysis_kp/flattened.sol:4480:1:
     |
4480 | interface IERC721Receiver {
     | ^ (Relevant source part starts here and spans across multiple lines).
Note: The previous declaration is here:
    --> slither_analysis_kp/flattened.sol:1506:1:
     |
1506 | interface IERC721Receiver {
     | ^ (Relevant source part starts here and spans across multiple lines).

Error: Identifier already declared.
    --> slither_analysis_kp/flattened.sol:4503:1:
     |
4503 | interface IERC721Metadata is IERC721 {
     | ^ (Relevant source part starts here and spans across multiple lines).
Note: The previous declaration is here:
    --> slither_analysis_kp/flattened.sol:1534:1:
     |
1534 | interface IERC721Metadata is IERC721 {
     | ^ (Relevant source part starts here and spans across multiple lines).

Error: Identifier already declared.
    --> slither_analysis_kp/flattened.sol:4530:1:
     |
4530 | library Strings {
     | ^ (Relevant source part starts here and spans across multiple lines).
Note: The previous declaration is here:
  --> slither_analysis_kp/flattened.sol:38:1:
   |
38 | library Strings {
   | ^ (Relevant source part starts here and spans across multiple lines).

Error: Identifier already declared.
    --> slither_analysis_kp/flattened.sol:4608:1:
     |
4608 | contract ERC721 is Context, ERC165, IERC721, IERC721Metadata {
     | ^ (Relevant source part starts here and spans across multiple lines).
Note: The previous declaration is here:
    --> slither_analysis_kp/flattened.sol:1781:1:
     |
1781 | contract ERC721 is Context, ERC165, IERC721, IERC721Metadata {
     | ^ (Relevant source part starts here and spans across multiple lines).

Error: Identifier already declared.
    --> slither_analysis_kp/flattened.sol:5169:1:
     |
5169 | interface IFxMessageProcessor {
     | ^ (Relevant source part starts here and spans across multiple lines).
Note: The previous declaration is here:
    --> slither_analysis_kp/flattened.sol:2629:1:
     |
2629 | interface IFxMessageProcessor {
     | ^ (Relevant source part starts here and spans across multiple lines).

Error: Identifier already declared.
    --> slither_analysis_kp/flattened.sol:5204:1:
     |
5204 | interface IFxStateSender {
     | ^ (Relevant source part starts here and spans across multiple lines).
Note: The previous declaration is here:
    --> slither_analysis_kp/flattened.sol:1127:1:
     |
1127 | interface IFxStateSender {
     | ^ (Relevant source part starts here and spans across multiple lines).

Error: Undeclared identifier. Did you mean "setupMetaData"?
    --> slither_analysis_kp/flattened.sol:5144:9:
     |
5144 |         _setupMetaData(_name, _symbol);
     |         ^^^^^^^^^^^^^^


None
Error in slither_analysis_kp/flattened.sol
Traceback (most recent call last):
  File "/home/dias/.local/lib/python3.8/site-packages/crytic_compile/platform/solc.py", line 501, in _run_solc
    ret: Dict = json.loads(stdout)
  File "/usr/lib/python3.8/json/__init__.py", line 357, in loads
    return _default_decoder.decode(s)
  File "/usr/lib/python3.8/json/decoder.py", line 337, in decode
    obj, end = self.raw_decode(s, idx=_w(s, 0).end())
  File "/usr/lib/python3.8/json/decoder.py", line 355, in raw_decode
    raise JSONDecodeError("Expecting value", s, err.value) from None
json.decoder.JSONDecodeError: Expecting value: line 1 column 1 (char 0)

During handling of the above exception, another exception occurred:

Traceback (most recent call last):
  File "/home/dias/.local/lib/python3.8/site-packages/slither/__main__.py", line 741, in main_impl
    ) = process_all(filename, args, detector_classes, printer_classes)
  File "/home/dias/.local/lib/python3.8/site-packages/slither/__main__.py", line 72, in process_all
    compilations = compile_all(target, **vars(args))
  File "/home/dias/.local/lib/python3.8/site-packages/crytic_compile/crytic_compile.py", line 628, in compile_all
    compilations.append(CryticCompile(target, **kwargs))
  File "/home/dias/.local/lib/python3.8/site-packages/crytic_compile/crytic_compile.py", line 116, in __init__
    self._compile(**kwargs)
  File "/home/dias/.local/lib/python3.8/site-packages/crytic_compile/crytic_compile.py", line 539, in _compile
    self._platform.compile(self, **kwargs)
  File "/home/dias/.local/lib/python3.8/site-packages/crytic_compile/platform/solc.py", line 149, in compile
    targets_json = _get_targets_json(compilation_unit, self._target, **kwargs)
  File "/home/dias/.local/lib/python3.8/site-packages/crytic_compile/platform/solc.py", line 271, in _get_targets_json
    return _run_solc(
  File "/home/dias/.local/lib/python3.8/site-packages/crytic_compile/platform/solc.py", line 505, in _run_solc
    raise InvalidCompilation(f"Invalid solc compilation {stderr}")
crytic_compile.platform.exceptions.InvalidCompilation: Invalid solc compilation Error: Identifier already declared.
    --> slither_analysis_kp/flattened.sol:2698:1:
     |
2698 | interface IKPGuardian {
     | ^ (Relevant source part starts here and spans across multiple lines).
Note: The previous declaration is here:
    --> slither_analysis_kp/flattened.sol:1322:1:
     |
1322 | interface IKPGuardian {
     | ^ (Relevant source part starts here and spans across multiple lines).

Error: Identifier already declared.
    --> slither_analysis_kp/flattened.sol:2933:1:
     |
2933 | interface IERC165 {
     | ^ (Relevant source part starts here and spans across multiple lines).
Note: The previous declaration is here:
   --> slither_analysis_kp/flattened.sol:113:1:
    |
113 | interface IERC165 {
    | ^ (Relevant source part starts here and spans across multiple lines).

Error: Identifier already declared.
    --> slither_analysis_kp/flattened.sol:3138:1:
     |
3138 | library Address {
     | ^ (Relevant source part starts here and spans across multiple lines).
Note: The previous declaration is here:
    --> slither_analysis_kp/flattened.sol:1560:1:
     |
1560 | library Address {
     | ^ (Relevant source part starts here and spans across multiple lines).

Error: Identifier already declared.
    --> slither_analysis_kp/flattened.sol:3337:1:
     |
3337 | abstract contract Context {
     | ^ (Relevant source part starts here and spans across multiple lines).
Note: The previous declaration is here:
  --> slither_analysis_kp/flattened.sol:19:1:
   |
19 | abstract contract Context {
   | ^ (Relevant source part starts here and spans across multiple lines).

Error: Identifier already declared.
    --> slither_analysis_kp/flattened.sol:3368:1:
     |
3368 | abstract contract ERC165 is IERC165 {
     | ^ (Relevant source part starts here and spans across multiple lines).
Note: The previous declaration is here:
   --> slither_analysis_kp/flattened.sol:145:1:
    |
145 | abstract contract ERC165 is IERC165 {
    | ^ (Relevant source part starts here and spans across multiple lines).

Error: Identifier already declared.
    --> slither_analysis_kp/flattened.sol:4348:1:
     |
4348 | interface IERC721 is IERC165 {
     | ^ (Relevant source part starts here and spans across multiple lines).
Note: The previous declaration is here:
    --> slither_analysis_kp/flattened.sol:1361:1:
     |
1361 | interface IERC721 is IERC165 {
     | ^ (Relevant source part starts here and spans across multiple lines).

Error: Identifier already declared.
    --> slither_analysis_kp/flattened.sol:4480:1:
     |
4480 | interface IERC721Receiver {
     | ^ (Relevant source part starts here and spans across multiple lines).
Note: The previous declaration is here:
    --> slither_analysis_kp/flattened.sol:1506:1:
     |
1506 | interface IERC721Receiver {
     | ^ (Relevant source part starts here and spans across multiple lines).

Error: Identifier already declared.
    --> slither_analysis_kp/flattened.sol:4503:1:
     |
4503 | interface IERC721Metadata is IERC721 {
     | ^ (Relevant source part starts here and spans across multiple lines).
Note: The previous declaration is here:
    --> slither_analysis_kp/flattened.sol:1534:1:
     |
1534 | interface IERC721Metadata is IERC721 {
     | ^ (Relevant source part starts here and spans across multiple lines).

Error: Identifier already declared.
    --> slither_analysis_kp/flattened.sol:4530:1:
     |
4530 | library Strings {
     | ^ (Relevant source part starts here and spans across multiple lines).
Note: The previous declaration is here:
  --> slither_analysis_kp/flattened.sol:38:1:
   |
38 | library Strings {
   | ^ (Relevant source part starts here and spans across multiple lines).

Error: Identifier already declared.
    --> slither_analysis_kp/flattened.sol:4608:1:
     |
4608 | contract ERC721 is Context, ERC165, IERC721, IERC721Metadata {
     | ^ (Relevant source part starts here and spans across multiple lines).
Note: The previous declaration is here:
    --> slither_analysis_kp/flattened.sol:1781:1:
     |
1781 | contract ERC721 is Context, ERC165, IERC721, IERC721Metadata {
     | ^ (Relevant source part starts here and spans across multiple lines).

Error: Identifier already declared.
    --> slither_analysis_kp/flattened.sol:5169:1:
     |
5169 | interface IFxMessageProcessor {
     | ^ (Relevant source part starts here and spans across multiple lines).
Note: The previous declaration is here:
    --> slither_analysis_kp/flattened.sol:2629:1:
     |
2629 | interface IFxMessageProcessor {
     | ^ (Relevant source part starts here and spans across multiple lines).

Error: Identifier already declared.
    --> slither_analysis_kp/flattened.sol:5204:1:
     |
5204 | interface IFxStateSender {
     | ^ (Relevant source part starts here and spans across multiple lines).
Note: The previous declaration is here:
    --> slither_analysis_kp/flattened.sol:1127:1:
     |
1127 | interface IFxStateSender {
     | ^ (Relevant source part starts here and spans across multiple lines).

Error: Undeclared identifier. Did you mean "setupMetaData"?
    --> slither_analysis_kp/flattened.sol:5144:9:
     |
5144 |         _setupMetaData(_name, _symbol);
     |         ^^^^^^^^^^^^^^

